2018-05-31 17:34:18data collect server started --
Exit reason:
2018-05-31 17:34:21: Server exit
2018-05-31 18:56:18data collect server started --
Exit reason:
2018-05-31 18:56:39: Server exit
2018-05-31 19:30:20data collect server started --
Exit reason:
2018-05-31 19:30:21: Server exit
2018-06-01 09:03:19data collect server started --
Exit reason:
2018-06-01 09:03:22: Server exit
Exit reason:
2018-06-01 09:05:00: Server exit
2018-06-01 14:24:18data collect server started --
Exit reason:
2018-06-01 14:24:25: Server exit
2018-06-01 17:41:42data collect server started --
Exit reason:
2018-06-01 17:41:44: Server exit
2018-06-01 19:18:18data collect server started --
Exit reason:
2018-06-01 19:18:21: Server exit
2018-06-01 19:21:50data collect server started --
Exit reason:
2018-06-01 19:21:52: Server exit
2018-06-01 21:01:25data collect server started --
Exit reason:
2018-06-01 21:01:27: Server exit
2018-06-01 23:36:37data collect server started --
Exit reason:
2018-06-01 23:36:43: Server exit
2018-06-02 00:18:06data collect server started --
Exit reason:
2018-06-02 00:18:10: Server exit
2018-06-02 00:46:54: board 1 connected at , but now disconnected! 
2018-06-02 00:50:51: board 1 connected at , but now disconnected! 
2018-06-02 10:15:52data collect server started --
Exit reason:
2018-06-02 10:15:55: Server exit
2018-06-02 10:46:38data collect server started --
Exit reason:
2018-06-02 10:46:40: Server exit
2018-06-02 10:56:37data collect server started --
Exit reason:
2018-06-02 10:56:38: Server exit
2018-06-02 11:10:30data collect server started --
Exit reason:
2018-06-02 11:10:32: Server exit
2018-06-02 11:31:18data collect server started --
Exit reason:
2018-06-02 11:32:10: Server exit
2018-06-02 11:45:29: board 1 connected at , but now disconnected! 
2018-06-02 13:40:29data collect server started --
Exit reason:
2018-06-02 13:40:33: Server exit
2018-06-02 13:50:48data collect server started --
Exit reason:
2018-06-02 13:50:51: Server exit
2018-06-02 13:51:49data collect server started --
Exit reason:
2018-06-02 13:51:51: Server exit
2018-06-02 13:53:31: board 1 connected at , but now disconnected! 
2018-06-02 13:54:37: board 1 connected at , but now disconnected! 
2018-06-02 14:29:34data collect server started --
Exit reason:
2018-06-02 14:29:37: Server exit
2018-06-02 15:09:29data collect server started --
Exit reason:
2018-06-02 15:09:30: Server exit
2018-06-02 15:19:39: board 1 connected at , but now disconnected! 
2018-06-02 15:29:16: board 1 connected at , but now disconnected! 
2018-06-02 15:29:16: board 1 connected at , but now disconnected! 
2018-06-02 15:31:43: board 1 connected at , but now disconnected! 
2018-06-02 16:05:06data collect server started --
Exit reason:
2018-06-02 16:05:08: Server exit
2018-06-02 16:06:52: board 1 connected at , but now disconnected! 
2018-06-02 16:09:18: board 1 connected at , but now disconnected! 
2018-06-02 16:15:53: board 1 connected at , but now disconnected! 
2018-06-02 16:20:13: board 1 connected at , but now disconnected! 
2018-06-02 16:24:13data collect server started --
Exit reason:
2018-06-02 16:24:14: Server exit
2018-06-02 16:26:30data collect server started --
Exit reason:
2018-06-02 16:26:32: Server exit
2018-06-02 17:10:45data collect server started --
Exit reason:
2018-06-02 17:10:47: Server exit
2018-06-02 17:15:32data collect server started --
Exit reason:
2018-06-02 17:15:35: Server exit
2018-06-02 17:26:11: board 1 connected at , but now disconnected! 
2018-06-02 18:02:42data collect server started --
Exit reason:
2018-06-02 18:02:45: Server exit
2018-06-02 18:03:37data collect server started --
Exit reason:
2018-06-02 18:03:39: Server exit
2018-06-02 18:06:54data collect server started --
Exit reason:
2018-06-02 18:06:56: Server exit
2018-06-02 18:10:32data collect server started --
Exit reason:
2018-06-02 18:10:34: Server exit
2018-06-02 19:06:46data collect server started --
Exit reason:
2018-06-02 19:06:49: Server exit
2018-06-02 20:01:31: board 1 connected at , but now disconnected! 
2018-06-02 20:26:35data collect server started --
Exit reason:
2018-06-02 20:26:39: Server exit
2018-06-02 23:35:45data collect server started --
Exit reason:
2018-06-02 23:35:48: Server exit
2018-06-02 23:43:17: board 1 connected at , but now disconnected! 
2018-06-02 23:46:33: board 1 connected at , but now disconnected! 
2018-06-03 00:00:31: board 1 connected at , but now disconnected! 
2018-06-03 00:04:32: board 1 connected at , but now disconnected! 
2018-06-03 00:05:50: board 1 connected at , but now disconnected! 
2018-06-03 00:09:48: board 1 connected at , but now disconnected! 
2018-06-03 00:10:56: board 1 connected at , but now disconnected! 
2018-06-03 00:12:05: board 1 connected at , but now disconnected! 
2018-06-03 00:14:37: board 1 connected at , but now disconnected! 
2018-06-03 00:16:12: board 1 connected at , but now disconnected! 
2018-06-03 10:07:49data collect server started --
Exit reason:
2018-06-03 11:34:54: Server exit
2018-06-03 11:59:42: board 1 connected at , but now disconnected! 
2018-06-03 13:00:03: board 1 connected at , but now disconnected! 
2018-06-03 14:31:39: board 1 connected at , but now disconnected! 
2018-06-03 14:31:39: board 1 connected at , but now disconnected! 
2018-06-03 14:31:40: board 1 connected at , but now disconnected! 
2018-06-03 14:31:40: board 1 connected at , but now disconnected! 
2018-06-03 14:31:40: board 1 connected at , but now disconnected! 
2018-06-03 14:31:40: board 1 connected at , but now disconnected! 
2018-06-03 14:31:40: board 1 connected at , but now disconnected! 
2018-06-03 14:31:41: board 1 connected at , but now disconnected! 
2018-06-03 14:31:41: board 1 connected at , but now disconnected! 
2018-06-03 14:31:41: board 1 connected at , but now disconnected! 
2018-06-03 14:31:42: board 1 connected at , but now disconnected! 
2018-06-03 14:31:42: board 1 connected at , but now disconnected! 
2018-06-03 14:32:55: board 1 connected at , but now disconnected! 
2018-06-03 21:29:16data collect server started --
Exit reason:
2018-06-03 21:29:19: Server exit
2018-06-03 22:39:51data collect server started --
Exit reason:
2018-06-03 22:39:53: Server exit
2018-06-03 22:45:21: board 1 connected at , but now disconnected! 
2018-06-03 23:19:58: board 1 connected at , but now disconnected! 
2018-06-04 00:00:55data collect server started --
Exit reason:
2018-06-04 00:00:56: Server exit
2018-06-04 13:37:56data collect server started --
2018-06-04 13:43:19data collect server started --
Exit reason:
2018-06-04 13:43:21: Server exit
2018-06-04 14:17:18: board 1 connected at , but now disconnected! 
2018-06-04 14:18:24: board 1 connected at , but now disconnected! 
2018-06-04 14:19:17: board 1 connected at , but now disconnected! 
2018-06-04 14:23:23data collect server started --
Exit reason:
2018-06-04 14:23:25: Server exit
2018-06-04 14:24:30: board 1 connected at , but now disconnected! 
2018-06-04 14:30:28data collect server started --
2018-06-04 14:40:47data collect server started --
Exit reason:
2018-06-04 14:40:49: Server exit
2018-06-04 14:49:59data collect server started --
Exit reason:
2018-06-04 14:50:01: Server exit
2018-06-04 14:54:13: board 1 connected at , but now disconnected! 
2018-06-04 14:59:43data collect server started --
Exit reason:
2018-06-04 14:59:50: Server exit
2018-06-04 15:08:22: board 1 connected at , but now disconnected! 
2018-06-04 15:42:40: board 1 connected at , but now disconnected! 
2018-06-04 15:42:40: board 1 connected at , but now disconnected! 
2018-06-04 15:47:14: board 1 connected at , but now disconnected! 
2018-06-04 15:52:34: board 1 connected at , but now disconnected! 
2018-06-04 16:41:19data collect server started --
Exit reason:
2018-06-04 16:41:22: Server exit
Exit reason:
2018-06-04 16:41:26: Server exit
2018-06-04 16:42:28data collect server started --
Exit reason:
2018-06-04 16:42:30: Server exit
2018-06-04 17:08:56: board 1 connected at , but now disconnected! 
2018-06-04 17:08:56: board 1 connected at , but now disconnected! 
2018-06-04 17:08:56: board 1 connected at , but now disconnected! 
2018-06-04 17:18:16: board 1 connected at , but now disconnected! 
2018-06-04 17:34:05: board 1 connected at , but now disconnected! 
2018-06-04 17:52:19: board 1 connected at , but now disconnected! 
2018-06-04 18:10:03: board 1 connected at , but now disconnected! 
2018-06-04 18:26:17data collect server started --
Exit reason:
2018-06-04 18:26:19: Server exit
2018-06-04 18:32:52: board 1 connected at , but now disconnected! 
2018-06-04 20:38:44data collect server started --
Exit reason:
2018-06-04 20:38:52: Server exit
2018-06-04 20:57:35: board 1 connected at , but now disconnected! 
2018-06-04 21:00:48: board 1 connected at , but now disconnected! 
2018-06-04 21:03:02: board 1 connected at , but now disconnected! 
2018-06-04 21:13:59data collect server started --
Exit reason:
2018-06-04 21:14:01: Server exit
2018-06-04 21:15:30data collect server started --
Exit reason:
2018-06-04 21:15:33: Server exit
2018-06-04 21:17:39: board 1 connected at , but now disconnected! 
2018-06-04 21:22:30: board 1 connected at , but now disconnected! 
2018-06-04 21:26:24data collect server started --
Exit reason:
2018-06-04 21:26:25: Server exit
2018-06-04 22:09:58: board 1 connected at , but now disconnected! 
2018-06-04 22:20:31: board 1 connected at , but now disconnected! 
2018-06-04 22:25:49: board 1 connected at , but now disconnected! 
2018-06-04 22:32:14: board 1 connected at , but now disconnected! 
2018-06-04 22:39:22: board 1 connected at , but now disconnected! 
2018-06-04 22:41:03: board 1 connected at , but now disconnected! 
2018-06-04 22:44:02: board 1 connected at , but now disconnected! 
2018-06-04 22:46:00: board 1 connected at , but now disconnected! 
2018-06-04 22:48:33: board 1 connected at , but now disconnected! 
2018-06-04 22:56:17: board 1 connected at , but now disconnected! 
2018-06-04 22:59:29: board 1 connected at , but now disconnected! 
2018-06-04 23:09:27: board 1 connected at , but now disconnected! 
2018-06-06 23:29:16data collect server started --
Exit reason:
2018-06-06 23:29:18: Server exit
2018-06-07 17:43:05data collect server started --
Exit reason:
2018-06-07 17:43:06: Server exit
2018-06-07 17:59:26data collect server started --
Exit reason:
2018-06-07 18:05:47: Server exit
2018-06-07 18:25:17data collect server started --
2018-06-07 19:02:41data collect server started --
Exit reason:
2018-06-07 19:02:48: Server exit
2018-06-09 14:58:28data collect server started --
Exit reason:
2018-06-09 14:59:38: Server exit
2018-06-09 23:56:01data collect server started --
Exit reason:
2018-06-09 23:56:03: Server exit
2018-06-10 09:54:36data collect server started --
Exit reason:
2018-06-10 09:54:39: Server exit
2018-06-10 14:38:57data collect server started --
Exit reason:
2018-06-10 14:38:59: Server exit
2018-06-10 14:44:30data collect server started --
Exit reason:
2018-06-10 14:44:32: Server exit
2018-06-11 10:21:31data collect server started --
Exit reason:
2018-06-11 10:21:33: Server exit
2018-06-11 10:28:09data collect server started --
Exit reason:
2018-06-11 10:35:06: Server exit
2018-06-11 13:59:52data collect server started --
Exit reason:
2018-06-11 13:59:55: Server exit
2018-06-11 14:06:21: board 1 connected at , but now disconnected! 
2018-06-11 14:09:01: board 1 connected at , but now disconnected! 
2018-06-11 15:46:03: board 1 connected at , but now disconnected! 
2018-06-11 15:47:08: board 1 connected at , but now disconnected! 
2018-06-11 15:58:04: board 1 connected at , but now disconnected! 
2018-06-11 15:58:22: board 1 connected at , but now disconnected! 
2018-06-11 15:59:20: board 1 connected at , but now disconnected! 
Exit reason:
2018-06-11 15:59:58: Server exit
2018-06-11 16:00:21data collect server started --
Exit reason:
2018-06-11 16:00:23: Server exit
Exit reason:
2018-06-11 16:01:51: Server exit
2018-06-11 16:01:57data collect server started --
Exit reason:
2018-06-11 16:01:59: Server exit
Exit reason:
2018-06-11 16:22:49: Server exit
2018-06-11 16:23:03data collect server started --
Exit reason:
2018-06-11 16:23:05: Server exit
Exit reason:
2018-06-11 16:25:37: Server exit
2018-06-11 16:25:56data collect server started --
Exit reason:
2018-06-11 16:25:58: Server exit
2018-06-11 17:37:43data collect server started --
Exit reason:
2018-06-11 17:37:45: Server exit
2018-06-11 18:09:04data collect server started --
Exit reason:
2018-06-11 18:09:16: Server exit
2018-06-11 18:26:52data collect server started --
Exit reason:
2018-06-11 18:27:03: Server exit
2018-06-11 18:51:47: board 1 connected at , but now disconnected! 
2018-06-11 18:51:47: board 1 connected at , but now disconnected! 
2018-06-11 18:51:48: board 1 connected at , but now disconnected! 
2018-06-11 18:51:48: board 1 connected at , but now disconnected! 
2018-06-11 18:51:48: board 1 connected at , but now disconnected! 
2018-06-11 18:51:48: board 1 connected at , but now disconnected! 
2018-06-11 18:51:48: board 1 connected at , but now disconnected! 
2018-06-11 18:51:48: board 1 connected at , but now disconnected! 
2018-06-11 18:52:50: board 1 connected at , but now disconnected! 
2018-06-11 18:52:50: board 1 connected at , but now disconnected! 
2018-06-11 18:52:50: board 1 connected at , but now disconnected! 
2018-06-11 18:52:50: board 1 connected at , but now disconnected! 
2018-06-11 18:52:50: board 1 connected at , but now disconnected! 
2018-06-11 18:52:50: board 1 connected at , but now disconnected! 
2018-06-11 18:52:50: board 1 connected at , but now disconnected! 
2018-06-11 19:08:38data collect server started --
Exit reason:
2018-06-11 19:08:49: Server exit
2018-06-11 19:09:00data collect server started --
Exit reason:
2018-06-11 19:09:16: Server exit
2018-06-11 19:14:19: board 1 connected at , but now disconnected! 
2018-06-11 19:21:58data collect server started --
Exit reason:
2018-06-11 19:22:00: Server exit
2018-06-11 19:38:54data collect server started --
Exit reason:
2018-06-11 19:38:56: Server exit
2018-06-11 19:42:49: board 1 connected at , but now disconnected! 
2018-06-11 19:51:20data collect server started --
Exit reason:
2018-06-11 19:51:22: Server exit
2018-06-11 19:54:05: board 1 connected at , but now disconnected! 
2018-06-11 19:57:07: board 1 connected at , but now disconnected! 
2018-06-11 19:59:56: board 1 connected at , but now disconnected! 
2018-06-11 20:11:42: board 1 connected at , but now disconnected! 
2018-06-11 20:11:56: board 1 connected at , but now disconnected! 
2018-06-11 20:12:29: board 1 connected at , but now disconnected! 
2018-06-11 20:24:07data collect server started --
Exit reason:
2018-06-11 20:24:09: Server exit
2018-06-11 20:28:33data collect server started --
Exit reason:
2018-06-11 20:28:35: Server exit
2018-06-11 20:43:08: board 1 connected at , but now disconnected! 
2018-06-11 20:43:08: board 1 connected at , but now disconnected! 
2018-06-11 20:43:08: board 1 connected at , but now disconnected! 
2018-06-11 20:46:28: board 1 connected at , but now disconnected! 
2018-06-11 20:52:23data collect server started --
Exit reason:
2018-06-11 20:52:25: Server exit
2018-06-11 21:04:42: board 1 connected at , but now disconnected! 
2018-06-11 21:04:42: board 1 connected at , but now disconnected! 
2018-06-11 21:04:42: board 1 connected at , but now disconnected! 
2018-06-11 21:22:32data collect server started --
Exit reason:
2018-06-11 21:22:34: Server exit
2018-06-11 21:23:35: board 1 connected at , but now disconnected! 
2018-06-11 21:26:41: board 1 connected at , but now disconnected! 
2018-06-11 23:13:57data collect server started --
Exit reason:
2018-06-11 23:14:00: Server exit
2018-06-11 23:24:21: board 1 connected at , but now disconnected! 
2018-06-11 23:24:21: board 1 connected at , but now disconnected! 
2018-06-11 23:48:46data collect server started --
Exit reason:
2018-06-11 23:48:48: Server exit
2018-06-11 23:49:03: board 1 connected at , but now disconnected! 
2018-06-11 23:54:50: board 1 connected at , but now disconnected! 
2018-06-11 23:59:02data collect server started --
Exit reason:
2018-06-11 23:59:04: Server exit
2018-06-11 23:59:59: board 1 connected at , but now disconnected! 
2018-06-11 23:59:59: board 1 connected at , but now disconnected! 
2018-06-12 00:08:41data collect server started --
Exit reason:
2018-06-12 00:08:43: Server exit
2018-06-12 00:09:11: board 1 connected at , but now disconnected! 
2018-06-12 09:59:07data collect server started --
Exit reason:
2018-06-12 09:59:09: Server exit
2018-06-12 10:01:47: board 1 connected at , but now disconnected! 
2018-06-12 10:08:48: board 1 connected at , but now disconnected! 
2018-06-12 10:13:10: board 1 connected at , but now disconnected! 
2018-06-12 10:15:47: board 1 connected at , but now disconnected! 
2018-06-12 10:59:24: board 1 connected at , but now disconnected! 
2018-06-12 10:59:24: board 1 connected at , but now disconnected! 
2018-06-12 10:59:24: board 1 connected at , but now disconnected! 
2018-06-12 10:59:24: board 1 connected at , but now disconnected! 
2018-06-12 11:00:21: board 1 connected at , but now disconnected! 
2018-06-12 11:07:17: board 1 connected at , but now disconnected! 
2018-06-12 11:38:46data collect server started --
Exit reason:
2018-06-12 11:38:49: Server exit
2018-06-12 12:42:52: board 1 connected at , but now disconnected! 
2018-06-12 12:42:52: board 1 connected at , but now disconnected! 
2018-06-12 12:59:25data collect server started --
Exit reason:
2018-06-12 12:59:27: Server exit
2018-06-12 13:36:37: board 1 connected at , but now disconnected! 
2018-06-12 13:59:48: board 1 connected at , but now disconnected! 
2018-06-12 13:59:48: board 1 connected at , but now disconnected! 
2018-06-12 13:59:48: board 1 connected at , but now disconnected! 
2018-06-12 14:13:07: board 1 connected at , but now disconnected! 
2018-06-12 14:13:07: board 1 connected at , but now disconnected! 
2018-06-12 14:13:07: board 1 connected at , but now disconnected! 
2018-06-12 14:13:07: board 1 connected at , but now disconnected! 
2018-06-12 14:42:15: board 1 connected at , but now disconnected! 
2018-06-12 14:42:15: board 1 connected at , but now disconnected! 
2018-06-12 15:29:21: board 1 connected at , but now disconnected! 
2018-06-12 15:29:21: board 1 connected at , but now disconnected! 
2018-06-12 15:29:21: board 1 connected at , but now disconnected! 
2018-06-12 15:29:21: board 1 connected at , but now disconnected! 
2018-06-12 15:29:21: board 1 connected at , but now disconnected! 
2018-06-12 15:29:21: board 1 connected at , but now disconnected! 
2018-06-12 16:07:37: board 1 connected at , but now disconnected! 
2018-06-12 16:07:37: board 1 connected at , but now disconnected! 
2018-06-12 16:11:09: board 1 connected at , but now disconnected! 
2018-06-12 16:13:56: board 1 connected at , but now disconnected! 
2018-06-12 16:19:22: board 1 connected at , but now disconnected! 
2018-06-12 16:30:34: board 1 connected at , but now disconnected! 
2018-06-12 17:25:21: board 1 connected at , but now disconnected! 
2018-06-12 17:25:21: board 1 connected at , but now disconnected! 
2018-06-12 17:25:21: board 1 connected at , but now disconnected! 
2018-06-12 17:25:21: board 1 connected at , but now disconnected! 
2018-06-12 18:34:18: board 1 connected at , but now disconnected! 
2018-06-12 18:34:18: board 1 connected at , but now disconnected! 
2018-06-12 18:34:18: board 1 connected at , but now disconnected! 
2018-06-12 18:34:19: board 1 connected at , but now disconnected! 
2018-06-12 19:44:54: board 1 connected at , but now disconnected! 
2018-06-12 19:44:54: board 1 connected at , but now disconnected! 
2018-06-12 20:01:22data collect server started --
Exit reason:
2018-06-12 20:01:25: Server exit
2018-06-12 20:02:44: board 1 connected at , but now disconnected! 
2018-06-12 20:08:57data collect server started --
Exit reason:
2018-06-12 20:08:59: Server exit
2018-06-12 20:13:51data collect server started --
Exit reason:
2018-06-12 20:13:54: Server exit
2018-06-12 20:30:33data collect server started --
Exit reason:
2018-06-12 20:30:34: Server exit
2018-06-12 20:31:34: board 1 connected at , but now disconnected! 
2018-06-12 20:48:36: board 1 connected at , but now disconnected! 
2018-06-12 22:31:33data collect server started --
Exit reason:
2018-06-12 22:31:35: Server exit
2018-06-12 22:47:42: board 1 connected at , but now disconnected! 
2018-06-12 22:47:42: board 1 connected at , but now disconnected! 
2018-06-12 23:59:32: board 1 connected at , but now disconnected! 
2018-06-12 23:59:32: board 1 connected at , but now disconnected! 
2018-06-12 23:59:32: board 1 connected at , but now disconnected! 
2018-06-13 00:06:24: board 1 connected at , but now disconnected! 
2018-06-13 00:09:05: board 1 connected at , but now disconnected! 
2018-06-13 00:52:08: board 1 connected at , but now disconnected! 
2018-06-13 00:58:50: board 1 connected at , but now disconnected! 
2018-06-13 01:15:03: board 1 connected at , but now disconnected! 
2018-06-13 01:15:09: board 1 connected at , but now disconnected! 
2018-06-13 01:35:16data collect server started --
Exit reason:
2018-06-13 01:35:18: Server exit
2018-06-13 01:38:13: board 1 connected at , but now disconnected! 
2018-06-13 01:40:41: board 1 connected at , but now disconnected! 
2018-06-13 01:46:34: board 1 connected at , but now disconnected! 
2018-06-13 01:46:34: board 1 connected at , but now disconnected! 
2018-06-13 08:48:56data collect server started --
Exit reason:
2018-06-13 08:48:58: Server exit
2018-06-13 08:54:53data collect server started --
Exit reason:
2018-06-13 08:54:55: Server exit
2018-06-13 09:16:21: board 1 connected at , but now disconnected! 
2018-06-13 09:24:01: board 1 connected at , but now disconnected! 
2018-06-13 09:24:01: board 1 connected at , but now disconnected! 
2018-06-13 09:35:04: board 1 connected at , but now disconnected! 
2018-06-13 09:38:38: board 1 connected at , but now disconnected! 
2018-06-13 09:38:38: board 1 connected at , but now disconnected! 
2018-06-13 09:38:38: board 1 connected at , but now disconnected! 
2018-06-13 09:50:39: board 1 connected at , but now disconnected! 
2018-06-13 09:57:01: board 1 connected at , but now disconnected! 
2018-06-13 10:11:50: board 1 connected at , but now disconnected! 
2018-06-13 10:13:13: board 1 connected at , but now disconnected! 
2018-06-13 10:16:23: board 1 connected at , but now disconnected! 
2018-06-13 10:17:28: board 1 connected at , but now disconnected! 
2018-06-13 10:18:00: board 1 connected at , but now disconnected! 
2018-06-13 10:18:25: board 1 connected at , but now disconnected! 
2018-06-13 10:19:55: board 1 connected at , but now disconnected! 
2018-06-13 10:21:34: board 1 connected at , but now disconnected! 
2018-06-13 11:06:49: board 1 connected at , but now disconnected! 
2018/6/16 11:37:24data collect server started --
Exit reason:
2018/6/16 11:37:26: Server exit
2018/6/16 16:20:35: board 1 connected at , but now disconnected! 
2018/6/16 16:23:36: board 1 connected at , but now disconnected! 
2018/6/16 16:58:27: board 1 connected at , but now disconnected! 
2018/6/16 17:03:36: board 1 connected at , but now disconnected! 
Exit reason:
2018/6/16 17:05:19: Server exit
2018/6/16 17:06:20data collect server started --
Exit reason:
2018/6/16 17:06:25: Server exit
Exit reason:
2018/6/16 19:09:24: Server exit
2018/6/16 19:10:31data collect server started --
Exit reason:
2018/6/16 19:10:32: Server exit
Exit reason:
2018/6/16 19:59:35: Server exit
2018/6/16 20:00:22data collect server started --
Exit reason:
2018/6/16 20:00:24: Server exit
Exit reason:
2018/6/16 20:07:32: Server exit
2018/6/16 20:08:20data collect server started --
Exit reason:
2018/6/16 20:08:22: Server exit
Exit reason:
2018/6/16 20:08:49: Server exit
2018/6/16 20:08:59data collect server started --
Exit reason:
2018/6/16 20:09:01: Server exit
Exit reason:
2018/6/16 21:48:12: Server exit
2018/6/16 22:01:52data collect server started --
Exit reason:
2018/6/16 22:01:53: Server exit
Exit reason:
2018/6/16 22:02:14: Server exit
2018/6/16 22:04:27data collect server started --
Exit reason:
2018/6/16 22:04:28: Server exit
Exit reason:
2018/6/16 22:04:40: Server exit
2018/6/16 22:05:17data collect server started --
Exit reason:
2018/6/16 22:05:18: Server exit
2018/6/16 22:05:32: board 1 connected at , but now disconnected! 
2018/6/16 23:26:15: board 1 connected at , but now disconnected! 
Exit reason:
2018/6/16 23:39:13: Server exit
2018/6/16 23:41:42data collect server started --
Exit reason:
2018/6/16 23:41:44: Server exit
2018/6/16 23:51:56: board 1 connected at , but now disconnected! 
2018/6/16 23:52:25: board 1 connected at , but now disconnected! 
2018/6/16 23:57:15: board 1 connected at , but now disconnected! 
2018/6/17 0:09:46: board 1 connected at , but now disconnected! 
2018/6/17 0:15:34: board 1 connected at , but now disconnected! 
2018/6/17 0:18:29: board 1 connected at , but now disconnected! 
2018/6/25 13:06:34data collect server started --
Exit reason:
2018/6/25 13:06:37: Server exit
2018/6/25 13:07:01data collect server started --
Exit reason:
2018/6/25 13:07:03: Server exit
2018/6/25 13:09:35data collect server started --
Exit reason:
2018/6/25 13:09:36: Server exit
2018/6/25 14:41:53data collect server started --
Exit reason:
2018/6/25 14:41:54: Server exit
2018/6/25 14:51:12data collect server started --
Exit reason:
2018/6/25 14:51:14: Server exit
